<?xml version="1.0" encoding="UTF-8"?>
<!-- Generated by org.testng.reporters.JUnitXMLReporter -->
<testsuite ignored="0" hostname="LAPTOP-70MIPCT5" failures="0" tests="3" name="Default test" time="22.124" errors="0" timestamp="2022-09-06T16:16:14 IST">
  <testcase classname="dataprovider.FacebookLogin" name="Login" time="8.334"/>
  <testcase classname="dataprovider.FacebookLogin" name="Login" time="6.666"/>
  <testcase classname="dataprovider.FacebookLogin" name="Login" time="7.061"/>
</testsuite> <!-- Default test -->
