<?xml version="1.0" encoding="UTF-8"?>
<!-- Generated by org.testng.reporters.JUnitXMLReporter -->
<testsuite ignored="0" hostname="LAPTOP-70MIPCT5" failures="0" tests="3" name="Test" time="28.772" errors="0" timestamp="2022-09-05T16:49:09 IST">
  <testcase classname="sequential.Login" name="logintoapp" time="4.006"/>
  <testcase classname="sequential.ForgoPWD" name="logintoapp" time="1.345"/>
  <testcase classname="sequential.CreatePage" name="logintoapp" time="2.882"/>
</testsuite> <!-- Test -->
